<?xml version="1.0" encoding="UTF-8"?>
<testsuites name="Login and Make Appointment" time="56.652" tests="2" failures="0" errors="0">
   <testsuite name="Login and Make Appointment" tests="2" failures="0" errors="0" time="56.652" skipped="0" timestamp="2022-05-13 15:24:06" hostname="nurdi - DESKTOP-P0SG8KG" id="Test Suites/Cura Healthcare Service/Login and Make Appointment">
      <properties>
[...]
</properties>
      <testcase name="Test Cases/Login Page" time="23.132" classname="Test Cases/Login Page" status="PASSED">
         <system-out><![CDATA[2022-05-13 15:24:07 - [TEST_CASE][PASSED] - Test Cases/Login Page: Test Cases/Login Page

2022-05-13 15:24:08 - [TEST_STEP][PASSED] - openBrowser(""): Browser is opened with url: ''

2022-05-13 15:24:08 - [MESSAGE][INFO] - Starting 'Chrome' driver

2022-05-13 15:24:08 - [MESSAGE][INFO] - Action delay is set to 0 milliseconds

2022-05-13 15:24:12 - [MESSAGE][PASSED] - Browser is opened with url: ''

2022-05-13 15:24:12 - [TEST_STEP][PASSED] - navigateToUrl("https://katalon-demo-cura.herokuapp.com/"): Navigate to 'https://katalon-demo-cura.herokuapp.com/' successfully

2022-05-13 15:24:15 - [MESSAGE][PASSED] - Navigate to 'https://katalon-demo-cura.herokuapp.com/' successfully

2022-05-13 15:24:15 - [TEST_STEP][PASSED] - delay(2): Delayed 2 second(s)

2022-05-13 15:24:17 - [MESSAGE][PASSED] - Delayed 2 second(s)

2022-05-13 15:24:17 - [TEST_STEP][PASSED] - takeFullPageScreenshot(): Taking screenshot successfully

2022-05-13 15:24:18 - [MESSAGE][INFO] - 0 hidden object(s)

2022-05-13 15:24:19 - [MESSAGE][PASSED] - Taking screenshot successfully
[[ATTACHMENT|C:\\Users\\nurdi\\Katalon Studio\\Reporting\\Reports\\20220513_152353\\Cura Healthcare Service\\Login and Make Appointment\\20220513_152353\\1652430257160.png]]

2022-05-13 15:24:19 - [TEST_STEP][PASSED] - click(findTestObject("Object Repository/Login_Page/Page_CURA Healthcare Service/a_Make Appointment")): Object: 'Object Repository/Login_Page/Page_CURA Healthcare Service/a_Make Appointment' is clicked on

2022-05-13 15:24:20 - [MESSAGE][PASSED] - Object: 'Object Repository/Login_Page/Page_CURA Healthcare Service/a_Make Appointment' is clicked on

2022-05-13 15:24:20 - [TEST_STEP][PASSED] - setText(findTestObject("Object Repository/Login_Page/Page_CURA Healthcare Service/input_Username_username"), "John Doe"): Text 'John Doe' is set on object 'Object Repository/Login_Page/Page_CURA Healthcare Service/input_Username_username'

2022-05-13 15:24:21 - [MESSAGE][PASSED] - Text 'John Doe' is set on object 'Object Repository/Login_Page/Page_CURA Healthcare Service/input_Username_username'

2022-05-13 15:24:21 - [TEST_STEP][PASSED] - setEncryptedText(findTestObject("Object Repository/Login_Page/Page_CURA Healthcare Service/input_Password_password"), "g3/DOGG74jC3Flrr3yH+3D/yKbOqqUNM"): Text ****** has been set on object 'Object Repository/Login_Page/Page_CURA Healthcare Service/input_Password_password'

2022-05-13 15:24:21 - [MESSAGE][PASSED] - Text ****** has been set on object 'Object Repository/Login_Page/Page_CURA Healthcare Service/input_Password_password'

2022-05-13 15:24:21 - [TEST_STEP][PASSED] - delay(2): Delayed 2 second(s)

2022-05-13 15:24:23 - [MESSAGE][PASSED] - Delayed 2 second(s)

2022-05-13 15:24:23 - [TEST_STEP][PASSED] - takeFullPageScreenshot(): Taking screenshot successfully

2022-05-13 15:24:25 - [MESSAGE][INFO] - 0 hidden object(s)

2022-05-13 15:24:25 - [MESSAGE][PASSED] - Taking screenshot successfully
[[ATTACHMENT|C:\\Users\\nurdi\\Katalon Studio\\Reporting\\Reports\\20220513_152353\\Cura Healthcare Service\\Login and Make Appointment\\20220513_152353\\1652430263915.png]]

2022-05-13 15:24:25 - [TEST_STEP][PASSED] - click(findTestObject("Object Repository/Login_Page/Page_CURA Healthcare Service/button_Login")): Object: 'Object Repository/Login_Page/Page_CURA Healthcare Service/button_Login' is clicked on

2022-05-13 15:24:26 - [MESSAGE][PASSED] - Object: 'Object Repository/Login_Page/Page_CURA Healthcare Service/button_Login' is clicked on

2022-05-13 15:24:26 - [TEST_STEP][PASSED] - delay(2): Delayed 2 second(s)

2022-05-13 15:24:28 - [MESSAGE][PASSED] - Delayed 2 second(s)

2022-05-13 15:24:28 - [TEST_STEP][PASSED] - takeFullPageScreenshot(): Taking screenshot successfully

2022-05-13 15:24:30 - [MESSAGE][INFO] - 0 hidden object(s)

2022-05-13 15:24:30 - [MESSAGE][PASSED] - Taking screenshot successfully
[[ATTACHMENT|C:\\Users\\nurdi\\Katalon Studio\\Reporting\\Reports\\20220513_152353\\Cura Healthcare Service\\Login and Make Appointment\\20220513_152353\\1652430268879.png]]]]></system-out>
         <system-err><![CDATA[]]></system-err>
      </testcase>
      <testcase name="Test Cases/Make Appointment Page" time="32.925" classname="Test Cases/Make Appointment Page" status="PASSED">
         <system-out><![CDATA[2022-05-13 15:24:30 - [TEST_CASE][PASSED] - Test Cases/Make Appointment Page: Test Cases/Make Appointment Page

2022-05-13 15:24:31 - [TEST_STEP][PASSED] - callTestCase(findTestCase("Login Page"), [:], STOP_ON_FAILURE): Call Test Case 'Test Cases/Login Page' successfully

2022-05-13 15:24:31 - [TEST_CASE][PASSED] - Test Cases/Login Page: Test Cases/Login Page

2022-05-13 15:24:31 - [TEST_STEP][PASSED] - openBrowser(""): Browser is opened with url: ''

2022-05-13 15:24:31 - [MESSAGE][WARNING] - A browser is already opened. Closing browser and opening a new one

2022-05-13 15:24:32 - [MESSAGE][INFO] - Starting 'Chrome' driver

2022-05-13 15:24:32 - [MESSAGE][INFO] - Action delay is set to 0 milliseconds

2022-05-13 15:24:33 - [MESSAGE][PASSED] - Browser is opened with url: ''

2022-05-13 15:24:33 - [TEST_STEP][PASSED] - navigateToUrl("https://katalon-demo-cura.herokuapp.com/"): Navigate to 'https://katalon-demo-cura.herokuapp.com/' successfully

2022-05-13 15:24:36 - [MESSAGE][PASSED] - Navigate to 'https://katalon-demo-cura.herokuapp.com/' successfully

2022-05-13 15:24:36 - [TEST_STEP][PASSED] - delay(2): Delayed 2 second(s)

2022-05-13 15:24:38 - [MESSAGE][PASSED] - Delayed 2 second(s)

2022-05-13 15:24:38 - [TEST_STEP][PASSED] - takeFullPageScreenshot(): Taking screenshot successfully

2022-05-13 15:24:39 - [MESSAGE][INFO] - 0 hidden object(s)

2022-05-13 15:24:39 - [MESSAGE][PASSED] - Taking screenshot successfully
[[ATTACHMENT|C:\\Users\\nurdi\\Katalon Studio\\Reporting\\Reports\\20220513_152353\\Cura Healthcare Service\\Login and Make Appointment\\20220513_152353\\1652430278418.png]]

2022-05-13 15:24:39 - [TEST_STEP][PASSED] - click(findTestObject("Object Repository/Login_Page/Page_CURA Healthcare Service/a_Make Appointment")): Object: 'Object Repository/Login_Page/Page_CURA Healthcare Service/a_Make Appointment' is clicked on

2022-05-13 15:24:40 - [MESSAGE][PASSED] - Object: 'Object Repository/Login_Page/Page_CURA Healthcare Service/a_Make Appointment' is clicked on

2022-05-13 15:24:40 - [TEST_STEP][PASSED] - setText(findTestObject("Object Repository/Login_Page/Page_CURA Healthcare Service/input_Username_username"), "John Doe"): Text 'John Doe' is set on object 'Object Repository/Login_Page/Page_CURA Healthcare Service/input_Username_username'

2022-05-13 15:24:41 - [MESSAGE][PASSED] - Text 'John Doe' is set on object 'Object Repository/Login_Page/Page_CURA Healthcare Service/input_Username_username'

2022-05-13 15:24:41 - [TEST_STEP][PASSED] - setEncryptedText(findTestObject("Object Repository/Login_Page/Page_CURA Healthcare Service/input_Password_password"), "g3/DOGG74jC3Flrr3yH+3D/yKbOqqUNM"): Text ****** has been set on object 'Object Repository/Login_Page/Page_CURA Healthcare Service/input_Password_password'

2022-05-13 15:24:42 - [MESSAGE][PASSED] - Text ****** has been set on object 'Object Repository/Login_Page/Page_CURA Healthcare Service/input_Password_password'

2022-05-13 15:24:42 - [TEST_STEP][PASSED] - delay(2): Delayed 2 second(s)

2022-05-13 15:24:44 - [MESSAGE][PASSED] - Delayed 2 second(s)

2022-05-13 15:24:44 - [TEST_STEP][PASSED] - takeFullPageScreenshot(): Taking screenshot successfully

2022-05-13 15:24:45 - [MESSAGE][INFO] - 0 hidden object(s)

2022-05-13 15:24:46 - [MESSAGE][PASSED] - Taking screenshot successfully
[[ATTACHMENT|C:\\Users\\nurdi\\Katalon Studio\\Reporting\\Reports\\20220513_152353\\Cura Healthcare Service\\Login and Make Appointment\\20220513_152353\\1652430284442.png]]

2022-05-13 15:24:46 - [TEST_STEP][PASSED] - click(findTestObject("Object Repository/Login_Page/Page_CURA Healthcare Service/button_Login")): Object: 'Object Repository/Login_Page/Page_CURA Healthcare Service/button_Login' is clicked on

2022-05-13 15:24:47 - [MESSAGE][PASSED] - Object: 'Object Repository/Login_Page/Page_CURA Healthcare Service/button_Login' is clicked on

2022-05-13 15:24:47 - [TEST_STEP][PASSED] - delay(2): Delayed 2 second(s)

2022-05-13 15:24:49 - [MESSAGE][PASSED] - Delayed 2 second(s)

2022-05-13 15:24:49 - [TEST_STEP][PASSED] - takeFullPageScreenshot(): Taking screenshot successfully

2022-05-13 15:24:50 - [MESSAGE][INFO] - 0 hidden object(s)

2022-05-13 15:24:51 - [MESSAGE][PASSED] - Taking screenshot successfully
[[ATTACHMENT|C:\\Users\\nurdi\\Katalon Studio\\Reporting\\Reports\\20220513_152353\\Cura Healthcare Service\\Login and Make Appointment\\20220513_152353\\1652430289436.png]]

2022-05-13 15:24:51 - [MESSAGE][PASSED] - Call Test Case 'Test Cases/Login Page' successfully

2022-05-13 15:24:51 - [TEST_STEP][PASSED] - selectOptionByValue(findTestObject("Object Repository/Make_Appointment/Page_CURA Healthcare Service/select_Tokyo CURA Healthcare Center        _5b4107"), "Seoul CURA Healthcare Center", true): All options with value 'Seoul CURA Healthcare Center' are selected in object 'Object Repository/Make_Appointment/Page_CURA Healthcare Service/select_Tokyo CURA Healthcare Center        _5b4107'  using regular expression

2022-05-13 15:24:52 - [MESSAGE][PASSED] - All options with value 'Seoul CURA Healthcare Center' are selected in object 'Object Repository/Make_Appointment/Page_CURA Healthcare Service/select_Tokyo CURA Healthcare Center        _5b4107'  using regular expression

2022-05-13 15:24:52 - [TEST_STEP][PASSED] - click(findTestObject("Object Repository/Make_Appointment/Page_CURA Healthcare Service/input_Apply for hospital readmission_hospit_63901f")): Object: 'Object Repository/Make_Appointment/Page_CURA Healthcare Service/input_Apply for hospital readmission_hospit_63901f' is clicked on

2022-05-13 15:24:52 - [MESSAGE][PASSED] - Object: 'Object Repository/Make_Appointment/Page_CURA Healthcare Service/input_Apply for hospital readmission_hospit_63901f' is clicked on

2022-05-13 15:24:52 - [TEST_STEP][PASSED] - click(findTestObject("Object Repository/Make_Appointment/Page_CURA Healthcare Service/input_Medicaid_programs")): Object: 'Object Repository/Make_Appointment/Page_CURA Healthcare Service/input_Medicaid_programs' is clicked on

2022-05-13 15:24:53 - [MESSAGE][PASSED] - Object: 'Object Repository/Make_Appointment/Page_CURA Healthcare Service/input_Medicaid_programs' is clicked on

2022-05-13 15:24:53 - [TEST_STEP][PASSED] - click(findTestObject("Object Repository/Make_Appointment/Page_CURA Healthcare Service/span_Visit Date (Required)_glyphicon glyphi_cada34")): Object: 'Object Repository/Make_Appointment/Page_CURA Healthcare Service/span_Visit Date (Required)_glyphicon glyphi_cada34' is clicked on

2022-05-13 15:24:53 - [MESSAGE][PASSED] - Object: 'Object Repository/Make_Appointment/Page_CURA Healthcare Service/span_Visit Date (Required)_glyphicon glyphi_cada34' is clicked on

2022-05-13 15:24:53 - [TEST_STEP][PASSED] - click(findTestObject("Object Repository/Make_Appointment/Page_CURA Healthcare Service/td_31")): Object: 'Object Repository/Make_Appointment/Page_CURA Healthcare Service/td_31' is clicked on

2022-05-13 15:24:54 - [MESSAGE][PASSED] - Object: 'Object Repository/Make_Appointment/Page_CURA Healthcare Service/td_31' is clicked on

2022-05-13 15:24:54 - [TEST_STEP][PASSED] - setText(findTestObject("Object Repository/Make_Appointment/Page_CURA Healthcare Service/textarea_Comment_comment"), "Test"): Text 'Test' is set on object 'Object Repository/Make_Appointment/Page_CURA Healthcare Service/textarea_Comment_comment'

2022-05-13 15:24:55 - [MESSAGE][PASSED] - Text 'Test' is set on object 'Object Repository/Make_Appointment/Page_CURA Healthcare Service/textarea_Comment_comment'

2022-05-13 15:24:55 - [TEST_STEP][PASSED] - delay(2): Delayed 2 second(s)

2022-05-13 15:24:57 - [MESSAGE][PASSED] - Delayed 2 second(s)

2022-05-13 15:24:57 - [TEST_STEP][PASSED] - takeFullPageScreenshot(): Taking screenshot successfully

2022-05-13 15:24:58 - [MESSAGE][INFO] - 0 hidden object(s)

2022-05-13 15:24:58 - [MESSAGE][PASSED] - Taking screenshot successfully
[[ATTACHMENT|C:\\Users\\nurdi\\Katalon Studio\\Reporting\\Reports\\20220513_152353\\Cura Healthcare Service\\Login and Make Appointment\\20220513_152353\\1652430297280.png]]

2022-05-13 15:24:58 - [TEST_STEP][PASSED] - click(findTestObject("Object Repository/Make_Appointment/Page_CURA Healthcare Service/button_Book Appointment")): Object: 'Object Repository/Make_Appointment/Page_CURA Healthcare Service/button_Book Appointment' is clicked on

2022-05-13 15:24:59 - [MESSAGE][PASSED] - Object: 'Object Repository/Make_Appointment/Page_CURA Healthcare Service/button_Book Appointment' is clicked on

2022-05-13 15:24:59 - [TEST_STEP][PASSED] - delay(2): Delayed 2 second(s)

2022-05-13 15:25:01 - [MESSAGE][PASSED] - Delayed 2 second(s)

2022-05-13 15:25:01 - [TEST_STEP][PASSED] - takeFullPageScreenshot(): Taking screenshot successfully

2022-05-13 15:25:03 - [MESSAGE][INFO] - 0 hidden object(s)

2022-05-13 15:25:03 - [MESSAGE][PASSED] - Taking screenshot successfully
[[ATTACHMENT|C:\\Users\\nurdi\\Katalon Studio\\Reporting\\Reports\\20220513_152353\\Cura Healthcare Service\\Login and Make Appointment\\20220513_152353\\1652430301806.png]]]]></system-out>
         <system-err><![CDATA[]]></system-err>
      </testcase>
      <system-out><![CDATA[2022-05-13 15:24:06 - [TEST_SUITE][PASSED] - Login and Make Appointment: Test Cases/Make Appointment Page]]></system-out>
      <system-err><![CDATA[]]></system-err>
   </testsuite>
</testsuites>
